<?xml version="1.0" encoding="UTF-8"?>
<coverage generated="1709281865267" clover="3.2.0">
  <project timestamp="1709281865267" name="All files">
    <metrics statements="18" coveredstatements="18" conditionals="13" coveredconditionals="12" methods="1" coveredmethods="1" elements="32" coveredelements="31" complexity="0" loc="18" ncloc="18" packages="1" files="1" classes="1"/>
    <file name="mergeArrays.ts" path="C:\Users\ThugCom\Desktop\test\mergeArrays.ts">
      <metrics statements="18" coveredstatements="18" conditionals="13" coveredconditionals="12" methods="1" coveredmethods="1"/>
      <line num="2" count="1" type="stmt"/>
      <line num="3" count="1" type="stmt"/>
      <line num="8" count="1" type="cond" truecount="3" falsecount="0"/>
      <line num="9" count="9" type="cond" truecount="2" falsecount="0"/>
      <line num="10" count="9" type="cond" truecount="2" falsecount="0"/>
      <line num="11" count="9" type="cond" truecount="1" falsecount="1"/>
      <line num="13" count="9" type="stmt"/>
      <line num="15" count="9" type="cond" truecount="2" falsecount="0"/>
      <line num="16" count="3" type="stmt"/>
      <line num="17" count="3" type="stmt"/>
      <line num="18" count="6" type="cond" truecount="2" falsecount="0"/>
      <line num="19" count="3" type="stmt"/>
      <line num="20" count="3" type="stmt"/>
      <line num="22" count="3" type="stmt"/>
      <line num="23" count="3" type="stmt"/>
      <line num="27" count="1" type="stmt"/>
      <line num="28" count="1" type="stmt"/>
      <line num="31" count="1" type="stmt"/>
    </file>
  </project>
</coverage>
