{"C:\\Users\\ThugCom\\Desktop\\test\\mergeArrays.ts": {"path":"C:\\Users\\ThugCom\\Desktop\\test\\mergeArrays.ts","statementMap":{"0":{"start":{"line":2,"column":29},"end":{"line":2,"column":31}},"1":{"start":{"line":3,"column":12},"end":{"line":3,"column":13}},"2":{"start":{"line":3,"column":19},"end":{"line":3,"column":20}},"3":{"start":{"line":3,"column":26},"end":{"line":3,"column":48}},"4":{"start":{"line":8,"column":4},"end":{"line":25,"column":5}},"5":{"start":{"line":9,"column":23},"end":{"line":9,"column":89}},"6":{"start":{"line":10,"column":23},"end":{"line":10,"column":89}},"7":{"start":{"line":11,"column":23},"end":{"line":11,"column":72}},"8":{"start":{"line":13,"column":25},"end":{"line":13,"column":57}},"9":{"start":{"line":15,"column":8},"end":{"line":24,"column":9}},"10":{"start":{"line":16,"column":12},"end":{"line":16,"column":32}},"11":{"start":{"line":17,"column":12},"end":{"line":17,"column":16}},"12":{"start":{"line":18,"column":15},"end":{"line":24,"column":9}},"13":{"start":{"line":19,"column":12},"end":{"line":19,"column":32}},"14":{"start":{"line":20,"column":12},"end":{"line":20,"column":16}},"15":{"start":{"line":22,"column":12},"end":{"line":22,"column":32}},"16":{"start":{"line":23,"column":12},"end":{"line":23,"column":16}},"17":{"start":{"line":27,"column":4},"end":{"line":27,"column":24}},"18":{"start":{"line":28,"column":4},"end":{"line":28,"column":18}},"19":{"start":{"line":31,"column":0},"end":{"line":31,"column":21}}},"fnMap":{"0":{"name":"merge","decl":{"start":{"line":1,"column":9},"end":{"line":1,"column":14}},"loc":{"start":{"line":1,"column":82},"end":{"line":29,"column":1}}}},"branchMap":{"0":{"loc":{"start":{"line":8,"column":11},"end":{"line":8,"column":69}},"type":"binary-expr","locations":[{"start":{"line":8,"column":11},"end":{"line":8,"column":33}},{"start":{"line":8,"column":37},"end":{"line":8,"column":59}},{"start":{"line":8,"column":63},"end":{"line":8,"column":69}}]},"1":{"loc":{"start":{"line":9,"column":23},"end":{"line":9,"column":89}},"type":"cond-expr","locations":[{"start":{"line":9,"column":48},"end":{"line":9,"column":62}},{"start":{"line":9,"column":65},"end":{"line":9,"column":89}}]},"2":{"loc":{"start":{"line":10,"column":23},"end":{"line":10,"column":89}},"type":"cond-expr","locations":[{"start":{"line":10,"column":48},"end":{"line":10,"column":62}},{"start":{"line":10,"column":65},"end":{"line":10,"column":89}}]},"3":{"loc":{"start":{"line":11,"column":23},"end":{"line":11,"column":72}},"type":"cond-expr","locations":[{"start":{"line":11,"column":31},"end":{"line":11,"column":45}},{"start":{"line":11,"column":48},"end":{"line":11,"column":72}}]},"4":{"loc":{"start":{"line":15,"column":8},"end":{"line":24,"column":9}},"type":"if","locations":[{"start":{"line":15,"column":8},"end":{"line":24,"column":9}},{"start":{"line":18,"column":15},"end":{"line":24,"column":9}}]},"5":{"loc":{"start":{"line":18,"column":15},"end":{"line":24,"column":9}},"type":"if","locations":[{"start":{"line":18,"column":15},"end":{"line":24,"column":9}},{"start":{"line":21,"column":15},"end":{"line":24,"column":9}}]}},"s":{"0":1,"1":1,"2":1,"3":1,"4":1,"5":9,"6":9,"7":9,"8":9,"9":9,"10":3,"11":3,"12":6,"13":3,"14":3,"15":3,"16":3,"17":1,"18":1,"19":1},"f":{"0":1},"b":{"0":[10,3,2],"1":[7,2],"2":[8,1],"3":[9,0],"4":[3,6],"5":[3,3]}}
}
